000 (69058.000.000) 2022-04-05 17:08:47 Job submitted from host: <131.227.81.127:9618?addrs=131.227.81.127-9618&alias=aisurrey-condor.surrey.ac.uk&noUDP&sock=schedd_2654421_9965>
...
040 (69058.000.000) 2022-04-05 17:08:56 Started transferring input files
	Transferring to host: <131.227.80.154:9618?addrs=131.227.80.154-9618&alias=aisurrey11.surrey.ac.uk&noUDP&sock=slot1_17_5554_0b9b_2190>
...
040 (69058.000.000) 2022-04-05 17:08:56 Finished transferring input files
...
001 (69058.000.000) 2022-04-05 17:08:57 Job executing on host: <131.227.80.154:9618?addrs=131.227.80.154-9618&alias=aisurrey11.surrey.ac.uk&noUDP&sock=startd_4237_cedc>
...
006 (69058.000.000) 2022-04-05 17:09:05 Image size of job updated: 125
	0  -  MemoryUsage of job (MB)
	872  -  ResidentSetSize of job (KB)
...
006 (69058.000.000) 2022-04-05 17:14:06 Image size of job updated: 1490
	1490  -  MemoryUsage of job (MB)
	1526668  -  ResidentSetSize of job (KB)
...
006 (69058.000.000) 2022-04-05 17:19:07 Image size of job updated: 2482
	2482  -  MemoryUsage of job (MB)
	2542152  -  ResidentSetSize of job (KB)
...
006 (69058.000.000) 2022-04-05 17:21:45 Image size of job updated: 2482
	2482  -  MemoryUsage of job (MB)
	2542256  -  ResidentSetSize of job (KB)
...
040 (69058.000.000) 2022-04-05 17:21:45 Started transferring output files
...
040 (69058.000.000) 2022-04-05 17:21:45 Finished transferring output files
...
005 (69058.000.000) 2022-04-05 17:21:45 Job terminated.
	(1) Normal termination (return value 1)
		Usr 0 00:11:24, Sys 0 00:00:07  -  Run Remote Usage
		Usr 0 00:00:00, Sys 0 00:00:00  -  Run Local Usage
		Usr 0 00:11:24, Sys 0 00:00:07  -  Total Remote Usage
		Usr 0 00:00:00, Sys 0 00:00:00  -  Total Local Usage
	488996  -  Run Bytes Sent By Job
	121432  -  Run Bytes Received By Job
	488996  -  Total Bytes Sent By Job
	121432  -  Total Bytes Received By Job
	Partitionable Resources :    Usage  Request Allocated Assigned
	   Cpus                 :     0.00        1         1 
	   Disk (KB)            :   619         125    652975 
	   Gpus (Average)       :     0           1         1 "CUDA7"
	   GpusMemory (MB)      :  1213                       
	   Memory (MB)          :  2482       32768     32768 

	Job terminated of its own accord at 2022-04-05T16:21:45Z.
...
